22:10:21 **** Incremental Build of configuration Debug for project http_client ****
make all 
Building file: ../bb_base64.c
Invoking: GCC C Compiler
gcc -m32 -D_LINUX -O0 -g3 -Wall -c -fmessage-length=0 -MMD -MP -MF"bb_base64.d" -MT"bb_base64.d" -o "bb_base64.o" "../bb_base64.c"
Finished building: ../bb_base64.c
 
Building file: ../bb_httpclient.c
Invoking: GCC C Compiler
gcc -m32 -D_LINUX -O0 -g3 -Wall -c -fmessage-length=0 -MMD -MP -MF"bb_httpclient.d" -MT"bb_httpclient.d" -o "bb_httpclient.o" "../bb_httpclient.c"
../bb_httpclient.c: In function ‘http_req’:
../bb_httpclient.c:184:4: warning: implicit declaration of function ‘close’ [-Wimplicit-function-declaration]
    close(sock);
    ^
Finished building: ../bb_httpclient.c
 
Building file: ../bb_network.c
Invoking: GCC C Compiler
gcc -m32 -D_LINUX -O0 -g3 -Wall -c -fmessage-length=0 -MMD -MP -MF"bb_network.d" -MT"bb_network.d" -o "bb_network.o" "../bb_network.c"
Finished building: ../bb_network.c
 
Building file: ../bb_porting.c
Invoking: GCC C Compiler
gcc -m32 -D_LINUX -O0 -g3 -Wall -c -fmessage-length=0 -MMD -MP -MF"bb_porting.d" -MT"bb_porting.d" -o "bb_porting.o" "../bb_porting.c"
Finished building: ../bb_porting.c
 
Building file: ../bb_stringx.c
Invoking: GCC C Compiler
gcc -m32 -D_LINUX -O0 -g3 -Wall -c -fmessage-length=0 -MMD -MP -MF"bb_stringx.d" -MT"bb_stringx.d" -o "bb_stringx.o" "../bb_stringx.c"
Finished building: ../bb_stringx.c
 
Building file: ../bb_url.c
Invoking: GCC C Compiler
gcc -m32 -D_LINUX -O0 -g3 -Wall -c -fmessage-length=0 -MMD -MP -MF"bb_url.d" -MT"bb_url.d" -o "bb_url.o" "../bb_url.c"
Finished building: ../bb_url.c
 
Building target: libhttp_client.a
Invoking: GCC Archiver
ar -r  "libhttp_client.a"  ./bb_base64.o ./bb_httpclient.o ./bb_network.o ./bb_porting.o ./bb_stringx.o ./bb_url.o   
ar: creating libhttp_client.a
Finished building target: libhttp_client.a
 

22:10:22 Build Finished (took 663ms)

